<?xml version="1.0" encoding="UTF-8"?>
<!-- Generated by org.testng.reporters.JUnitXMLReporter -->
<testsuite hostname="HMECL000514" name="ChapterTest" tests="2" failures="1" timestamp="21 Aug 2014 05:19:00 GMT" time="126.415" errors="0">
  <testcase name="PlayPause" time="41.471" classname="com.pearson.tests.ChapterTest">
    <failure type="java.lang.AssertionError" message="expected [Play Video] but found []">
      <![CDATA[java.lang.AssertionError: expected [Play Video] but found []
	at com.pearson.tests.ChapterTest.PlayPause(ChapterTest.java:79)
... Removed 29 stack frames]]>
    </failure>
  </testcase> <!-- PlayPause -->
  <testcase name="TitleVerification" time="38.9" classname="com.pearson.tests.ChapterTest"/>
</testsuite> <!-- ChapterTest -->
